<?xml version="1.0" encoding="UTF-8"?>
<testng-results skipped="0" failed="0" ignored="0" total="1" passed="1">
  <reporter-output>
  </reporter-output>
  <suite name="com.api.test.SimpleGetTest" duration-ms="3601" started-at="2020-02-01T18:04:46Z" finished-at="2020-02-01T18:04:49Z">
    <groups>
    </groups>
    <test name="Command line test" duration-ms="3601" started-at="2020-02-01T18:04:46Z" finished-at="2020-02-01T18:04:49Z">
      <class name="com.api.test.SimpleGetTest">
        <test-method status="PASS" signature="GetWeatherDetails()[pri:0, instance:com.api.test.SimpleGetTest@71be98f5]" name="GetWeatherDetails" duration-ms="3565" started-at="2020-02-01T18:04:46Z" finished-at="2020-02-01T18:04:49Z">
          <reporter-output>
          </reporter-output>
        </test-method> <!-- GetWeatherDetails -->
      </class> <!-- com.api.test.SimpleGetTest -->
    </test> <!-- Command line test -->
  </suite> <!-- com.api.test.SimpleGetTest -->
</testng-results>
