<?xml version="1.0" encoding="UTF-8"?>
<testng-results skipped="0" failed="0" ignored="0" total="1" passed="1">
  <reporter-output>
  </reporter-output>
  <suite name="Default suite" duration-ms="5027" started-at="2020-02-02T08:26:35Z" finished-at="2020-02-02T08:26:40Z">
    <groups>
    </groups>
    <test name="Default test" duration-ms="5027" started-at="2020-02-02T08:26:35Z" finished-at="2020-02-02T08:26:40Z">
      <class name="com.api.test.SimplePostTest">
        <test-method status="PASS" signature="registerCustomer()[pri:0, instance:com.api.test.SimplePostTest@724af044]" name="registerCustomer" duration-ms="4979" started-at="2020-02-02T08:26:35Z" finished-at="2020-02-02T08:26:40Z">
          <reporter-output>
          </reporter-output>
        </test-method> <!-- registerCustomer -->
      </class> <!-- com.api.test.SimplePostTest -->
    </test> <!-- Default test -->
  </suite> <!-- Default suite -->
</testng-results>
